running egg_info
creating build/blaise_safety_node/blaise_safety_node.egg-info
writing build/blaise_safety_node/blaise_safety_node.egg-info/PKG-INFO
writing dependency_links to build/blaise_safety_node/blaise_safety_node.egg-info/dependency_links.txt
writing entry points to build/blaise_safety_node/blaise_safety_node.egg-info/entry_points.txt
writing requirements to build/blaise_safety_node/blaise_safety_node.egg-info/requires.txt
writing top-level names to build/blaise_safety_node/blaise_safety_node.egg-info/top_level.txt
writing manifest file 'build/blaise_safety_node/blaise_safety_node.egg-info/SOURCES.txt'
reading manifest file 'build/blaise_safety_node/blaise_safety_node.egg-info/SOURCES.txt'
writing manifest file 'build/blaise_safety_node/blaise_safety_node.egg-info/SOURCES.txt'
running build
running build_py
creating /home/blaise/lab2_ws/src/blaise_safety_node/build/blaise_safety_node/build
creating /home/blaise/lab2_ws/src/blaise_safety_node/build/blaise_safety_node/build/lib
creating /home/blaise/lab2_ws/src/blaise_safety_node/build/blaise_safety_node/build/lib/blaise_safety_node
copying blaise_safety_node/blaise_safety_node.py -> /home/blaise/lab2_ws/src/blaise_safety_node/build/blaise_safety_node/build/lib/blaise_safety_node
copying blaise_safety_node/__init__.py -> /home/blaise/lab2_ws/src/blaise_safety_node/build/blaise_safety_node/build/lib/blaise_safety_node
running install
running install_lib
creating /home/blaise/lab2_ws/src/blaise_safety_node/install/blaise_safety_node/lib/python3.8/site-packages/blaise_safety_node
copying /home/blaise/lab2_ws/src/blaise_safety_node/build/blaise_safety_node/build/lib/blaise_safety_node/blaise_safety_node.py -> /home/blaise/lab2_ws/src/blaise_safety_node/install/blaise_safety_node/lib/python3.8/site-packages/blaise_safety_node
copying /home/blaise/lab2_ws/src/blaise_safety_node/build/blaise_safety_node/build/lib/blaise_safety_node/__init__.py -> /home/blaise/lab2_ws/src/blaise_safety_node/install/blaise_safety_node/lib/python3.8/site-packages/blaise_safety_node
byte-compiling /home/blaise/lab2_ws/src/blaise_safety_node/install/blaise_safety_node/lib/python3.8/site-packages/blaise_safety_node/blaise_safety_node.py to blaise_safety_node.cpython-38.pyc
byte-compiling /home/blaise/lab2_ws/src/blaise_safety_node/install/blaise_safety_node/lib/python3.8/site-packages/blaise_safety_node/__init__.py to __init__.cpython-38.pyc
running install_data
creating /home/blaise/lab2_ws/src/blaise_safety_node/install/blaise_safety_node/share/ament_index
creating /home/blaise/lab2_ws/src/blaise_safety_node/install/blaise_safety_node/share/ament_index/resource_index
creating /home/blaise/lab2_ws/src/blaise_safety_node/install/blaise_safety_node/share/ament_index/resource_index/packages
copying resource/blaise_safety_node -> /home/blaise/lab2_ws/src/blaise_safety_node/install/blaise_safety_node/share/ament_index/resource_index/packages
copying package.xml -> /home/blaise/lab2_ws/src/blaise_safety_node/install/blaise_safety_node/share/blaise_safety_node
creating /home/blaise/lab2_ws/src/blaise_safety_node/install/blaise_safety_node/share/blaise_safety_node/launch
copying launch/safety_node_launch.py -> /home/blaise/lab2_ws/src/blaise_safety_node/install/blaise_safety_node/share/blaise_safety_node/launch
running install_egg_info
Copying build/blaise_safety_node/blaise_safety_node.egg-info to /home/blaise/lab2_ws/src/blaise_safety_node/install/blaise_safety_node/lib/python3.8/site-packages/blaise_safety_node-0.0.0-py3.8.egg-info
running install_scripts
Installing safety_node script to /home/blaise/lab2_ws/src/blaise_safety_node/install/blaise_safety_node/lib/blaise_safety_node
writing list of installed files to '/home/blaise/lab2_ws/src/blaise_safety_node/build/blaise_safety_node/install.log'
