[0.551s] Invoking command in '/home/blaise/lab2_ws/src/blaise_safety_node': PYTHONPATH=/home/blaise/lab2_ws/src/blaise_safety_node/build/blaise_safety_node/prefix_override:/usr/lib/python3/dist-packages/colcon_core/task/python/colcon_distutils_commands:/home/blaise/lab2_ws/src/blaise_safety_node/install/blaise_safety_node/lib/python3.8/site-packages:${PYTHONPATH} /usr/bin/python3 -W ignore:setup.py install is deprecated setup.py egg_info --egg-base build/blaise_safety_node build --build-base /home/blaise/lab2_ws/src/blaise_safety_node/build/blaise_safety_node/build install --record /home/blaise/lab2_ws/src/blaise_safety_node/build/blaise_safety_node/install.log --install-scripts $base/lib/blaise_safety_node --single-version-externally-managed install_data
[0.729s] running egg_info
[0.730s] creating build/blaise_safety_node/blaise_safety_node.egg-info
[0.730s] writing build/blaise_safety_node/blaise_safety_node.egg-info/PKG-INFO
[0.730s] writing dependency_links to build/blaise_safety_node/blaise_safety_node.egg-info/dependency_links.txt
[0.730s] writing entry points to build/blaise_safety_node/blaise_safety_node.egg-info/entry_points.txt
[0.730s] writing requirements to build/blaise_safety_node/blaise_safety_node.egg-info/requires.txt
[0.730s] writing top-level names to build/blaise_safety_node/blaise_safety_node.egg-info/top_level.txt
[0.731s] writing manifest file 'build/blaise_safety_node/blaise_safety_node.egg-info/SOURCES.txt'
[0.758s] reading manifest file 'build/blaise_safety_node/blaise_safety_node.egg-info/SOURCES.txt'
[0.759s] writing manifest file 'build/blaise_safety_node/blaise_safety_node.egg-info/SOURCES.txt'
[0.759s] running build
[0.759s] running build_py
[0.759s] creating /home/blaise/lab2_ws/src/blaise_safety_node/build/blaise_safety_node/build
[0.759s] creating /home/blaise/lab2_ws/src/blaise_safety_node/build/blaise_safety_node/build/lib
[0.759s] creating /home/blaise/lab2_ws/src/blaise_safety_node/build/blaise_safety_node/build/lib/blaise_safety_node
[0.759s] copying blaise_safety_node/blaise_safety_node.py -> /home/blaise/lab2_ws/src/blaise_safety_node/build/blaise_safety_node/build/lib/blaise_safety_node
[0.760s] copying blaise_safety_node/__init__.py -> /home/blaise/lab2_ws/src/blaise_safety_node/build/blaise_safety_node/build/lib/blaise_safety_node
[0.760s] running install
[0.760s] running install_lib
[0.761s] creating /home/blaise/lab2_ws/src/blaise_safety_node/install/blaise_safety_node/lib/python3.8/site-packages/blaise_safety_node
[0.761s] copying /home/blaise/lab2_ws/src/blaise_safety_node/build/blaise_safety_node/build/lib/blaise_safety_node/blaise_safety_node.py -> /home/blaise/lab2_ws/src/blaise_safety_node/install/blaise_safety_node/lib/python3.8/site-packages/blaise_safety_node
[0.761s] copying /home/blaise/lab2_ws/src/blaise_safety_node/build/blaise_safety_node/build/lib/blaise_safety_node/__init__.py -> /home/blaise/lab2_ws/src/blaise_safety_node/install/blaise_safety_node/lib/python3.8/site-packages/blaise_safety_node
[0.761s] byte-compiling /home/blaise/lab2_ws/src/blaise_safety_node/install/blaise_safety_node/lib/python3.8/site-packages/blaise_safety_node/blaise_safety_node.py to blaise_safety_node.cpython-38.pyc
[0.763s] byte-compiling /home/blaise/lab2_ws/src/blaise_safety_node/install/blaise_safety_node/lib/python3.8/site-packages/blaise_safety_node/__init__.py to __init__.cpython-38.pyc
[0.763s] running install_data
[0.763s] creating /home/blaise/lab2_ws/src/blaise_safety_node/install/blaise_safety_node/share/ament_index
[0.763s] creating /home/blaise/lab2_ws/src/blaise_safety_node/install/blaise_safety_node/share/ament_index/resource_index
[0.763s] creating /home/blaise/lab2_ws/src/blaise_safety_node/install/blaise_safety_node/share/ament_index/resource_index/packages
[0.764s] copying resource/blaise_safety_node -> /home/blaise/lab2_ws/src/blaise_safety_node/install/blaise_safety_node/share/ament_index/resource_index/packages
[0.764s] copying package.xml -> /home/blaise/lab2_ws/src/blaise_safety_node/install/blaise_safety_node/share/blaise_safety_node
[0.764s] creating /home/blaise/lab2_ws/src/blaise_safety_node/install/blaise_safety_node/share/blaise_safety_node/launch
[0.764s] copying launch/safety_node_launch.py -> /home/blaise/lab2_ws/src/blaise_safety_node/install/blaise_safety_node/share/blaise_safety_node/launch
[0.764s] running install_egg_info
[0.765s] Copying build/blaise_safety_node/blaise_safety_node.egg-info to /home/blaise/lab2_ws/src/blaise_safety_node/install/blaise_safety_node/lib/python3.8/site-packages/blaise_safety_node-0.0.0-py3.8.egg-info
[0.766s] running install_scripts
[0.779s] Installing safety_node script to /home/blaise/lab2_ws/src/blaise_safety_node/install/blaise_safety_node/lib/blaise_safety_node
[0.780s] writing list of installed files to '/home/blaise/lab2_ws/src/blaise_safety_node/build/blaise_safety_node/install.log'
[0.798s] Invoked command in '/home/blaise/lab2_ws/src/blaise_safety_node' returned '0': PYTHONPATH=/home/blaise/lab2_ws/src/blaise_safety_node/build/blaise_safety_node/prefix_override:/usr/lib/python3/dist-packages/colcon_core/task/python/colcon_distutils_commands:/home/blaise/lab2_ws/src/blaise_safety_node/install/blaise_safety_node/lib/python3.8/site-packages:${PYTHONPATH} /usr/bin/python3 -W ignore:setup.py install is deprecated setup.py egg_info --egg-base build/blaise_safety_node build --build-base /home/blaise/lab2_ws/src/blaise_safety_node/build/blaise_safety_node/build install --record /home/blaise/lab2_ws/src/blaise_safety_node/build/blaise_safety_node/install.log --install-scripts $base/lib/blaise_safety_node --single-version-externally-managed install_data
